<?xml version="1.0"?>
<testsuites>
  <testsuite name="Chrome 32.0.1700 (Mac OS X 10.9.1)" package="" timestamp="2014-02-20T14:19:00" id="0" hostname="Pedros-MacBook-Pro.local" tests="5" errors="0" failures="0" time="0.051">
    <properties>
      <property name="browser.fullName" value="Mozilla/5.0 (Macintosh; Intel Mac OS X 10_9_1) AppleWebKit/537.36 (KHTML, like Gecko) Chrome/32.0.1700.107 Safari/537.36"/>
    </properties>
    <testcase name="should remove a disabled feature" time="0.038" classname="Chrome 32.0.1700 (Mac OS X 10.9.1).Directive: pwFeatureToggle"/>
    <testcase name="should keep an enabled feature" time="0.006" classname="Chrome 32.0.1700 (Mac OS X 10.9.1).Directive: pwFeatureToggle"/>
    <testcase name="should return true when hasBeenLoaded is called after finishing loading the data" time="0.003" classname="Chrome 32.0.1700 (Mac OS X 10.9.1).Service: featureToggle"/>
    <testcase name="should correctly check for enabled features" time="0.003" classname="Chrome 32.0.1700 (Mac OS X 10.9.1).Service: featureToggle"/>
    <testcase name="should return false for checks to the enabling of non existing features" time="0.001" classname="Chrome 32.0.1700 (Mac OS X 10.9.1).Service: featureToggle"/>
    <system-out><![CDATA[
]]></system-out>
    <system-err/>
  </testsuite>
</testsuites>
